<?xml version="1.0" encoding="UTF-8"?>
<testsuite xmlns:xsi="http://www.w3.org/2001/XMLSchema-instance" xsi:noNamespaceSchemaLocation="https://maven.apache.org/surefire/maven-surefire-plugin/xsd/surefire-test-report-3.0.xsd" version="3.0" name="org.jfree.chart.plot.XYPlotTest" time="0.351" tests="45" errors="0" skipped="0" failures="0">
  <properties>
    <property name="java.specification.version" value="17"/>
    <property name="sun.cpu.isalist" value="amd64"/>
    <property name="sun.jnu.encoding" value="Cp1252"/>
    <property name="java.class.path" value="C:\Users\jotta\git\ES-LIGEPL-2Sem-2022-Grupo-52\target\test-classes;C:\Users\jotta\git\ES-LIGEPL-2Sem-2022-Grupo-52\target\classes;C:\Users\jotta\.m2\repository\org\junit\jupiter\junit-jupiter-api\5.8.1\junit-jupiter-api-5.8.1.jar;C:\Users\jotta\.m2\repository\org\opentest4j\opentest4j\1.2.0\opentest4j-1.2.0.jar;C:\Users\jotta\.m2\repository\org\junit\platform\junit-platform-commons\1.8.1\junit-platform-commons-1.8.1.jar;C:\Users\jotta\.m2\repository\org\apiguardian\apiguardian-api\1.1.2\apiguardian-api-1.1.2.jar;C:\Users\jotta\.m2\repository\org\junit\jupiter\junit-jupiter-engine\5.8.1\junit-jupiter-engine-5.8.1.jar;C:\Users\jotta\.m2\repository\org\junit\platform\junit-platform-engine\1.8.1\junit-platform-engine-1.8.1.jar;"/>
    <property name="sun.awt.enableExtraMouseButtons" value="true"/>
    <property name="java.vm.vendor" value="Eclipse Adoptium"/>
    <property name="sun.arch.data.model" value="64"/>
    <property name="user.variant" value=""/>
    <property name="java.vendor.url" value="https://adoptium.net/"/>
    <property name="user.timezone" value="Europe/Lisbon"/>
    <property name="os.name" value="Windows 11"/>
    <property name="java.vm.specification.version" value="17"/>
    <property name="sun.java.launcher" value="SUN_STANDARD"/>
    <property name="user.country" value="PT"/>
    <property name="sun.boot.library.path" value="C:\Users\jotta\eclipse\jee-2022-03\plugins\org.eclipse.justj.openjdk.hotspot.jre.full.win32.x86_64_17.0.2.v20220201-1208\jre\bin"/>
    <property name="sun.java.command" value="C:\Users\jotta\AppData\Local\Temp\surefire6002151965720019942\surefirebooter11456034837375423784.jar C:\Users\jotta\AppData\Local\Temp\surefire6002151965720019942 2022-05-15T19-00-27_530-jvmRun1 surefire5148175045765293947tmp surefire_0195835176807011203tmp"/>
    <property name="jdk.debug" value="release"/>
    <property name="surefire.test.class.path" value="C:\Users\jotta\git\ES-LIGEPL-2Sem-2022-Grupo-52\target\test-classes;C:\Users\jotta\git\ES-LIGEPL-2Sem-2022-Grupo-52\target\classes;C:\Users\jotta\.m2\repository\org\junit\jupiter\junit-jupiter-api\5.8.1\junit-jupiter-api-5.8.1.jar;C:\Users\jotta\.m2\repository\org\opentest4j\opentest4j\1.2.0\opentest4j-1.2.0.jar;C:\Users\jotta\.m2\repository\org\junit\platform\junit-platform-commons\1.8.1\junit-platform-commons-1.8.1.jar;C:\Users\jotta\.m2\repository\org\apiguardian\apiguardian-api\1.1.2\apiguardian-api-1.1.2.jar;C:\Users\jotta\.m2\repository\org\junit\jupiter\junit-jupiter-engine\5.8.1\junit-jupiter-engine-5.8.1.jar;C:\Users\jotta\.m2\repository\org\junit\platform\junit-platform-engine\1.8.1\junit-platform-engine-1.8.1.jar;"/>
    <property name="sun.cpu.endian" value="little"/>
    <property name="user.home" value="C:\Users\jotta"/>
    <property name="user.language" value="pt"/>
    <property name="java.specification.vendor" value="Oracle Corporation"/>
    <property name="java.version.date" value="2022-01-18"/>
    <property name="java.home" value="C:\Users\jotta\eclipse\jee-2022-03\plugins\org.eclipse.justj.openjdk.hotspot.jre.full.win32.x86_64_17.0.2.v20220201-1208\jre"/>
    <property name="file.separator" value="\"/>
    <property name="basedir" value="C:\Users\jotta\git\ES-LIGEPL-2Sem-2022-Grupo-52"/>
    <property name="java.vm.compressedOopsMode" value="32-bit"/>
    <property name="line.separator" value="&#10;"/>
    <property name="java.vm.specification.vendor" value="Oracle Corporation"/>
    <property name="java.specification.name" value="Java Platform API Specification"/>
    <property name="surefire.real.class.path" value="C:\Users\jotta\AppData\Local\Temp\surefire6002151965720019942\surefirebooter11456034837375423784.jar"/>
    <property name="user.script" value=""/>
    <property name="sun.management.compiler" value="HotSpot 64-Bit Tiered Compilers"/>
    <property name="java.runtime.version" value="17.0.2+8"/>
    <property name="user.name" value="jotta"/>
    <property name="path.separator" value=";"/>
    <property name="os.version" value="10.0"/>
    <property name="java.runtime.name" value="OpenJDK Runtime Environment"/>
    <property name="file.encoding" value="Cp1252"/>
    <property name="java.vm.name" value="OpenJDK 64-Bit Server VM"/>
    <property name="java.vendor.version" value="Temurin-17.0.2+8"/>
    <property name="localRepository" value="C:\Users\jotta\.m2\repository"/>
    <property name="java.vendor.url.bug" value="https://github.com/adoptium/adoptium-support/issues"/>
    <property name="java.io.tmpdir" value="C:\Users\jotta\AppData\Local\Temp\"/>
    <property name="java.version" value="17.0.2"/>
    <property name="user.dir" value="C:\Users\jotta\git\ES-LIGEPL-2Sem-2022-Grupo-52"/>
    <property name="os.arch" value="amd64"/>
    <property name="java.vm.specification.name" value="Java Virtual Machine Specification"/>
    <property name="sun.os.patch.level" value=""/>
    <property name="native.encoding" value="Cp1252"/>
    <property name="java.library.path" value="C:\Users\jotta\eclipse\jee-2022-03\plugins\org.eclipse.justj.openjdk.hotspot.jre.full.win32.x86_64_17.0.2.v20220201-1208\jre\bin;C:\WINDOWS\Sun\Java\bin;C:\WINDOWS\system32;C:\WINDOWS;C:/Users/jotta/eclipse/jee-2022-03//plugins/org.eclipse.justj.openjdk.hotspot.jre.full.win32.x86_64_17.0.2.v20220201-1208/jre/bin/server;C:/Users/jotta/eclipse/jee-2022-03//plugins/org.eclipse.justj.openjdk.hotspot.jre.full.win32.x86_64_17.0.2.v20220201-1208/jre/bin;C:\Program Files (x86)\VMware\VMware Player\bin\;C:\Program Files\Common Files\Oracle\Java\javapath;C:\Program Files\Eclipse Foundation\jdk-11.0.12.7-hotspot\bin;C:\Program Files (x86)\Common Files\Oracle\Java\javapath;C:\WINDOWS\system32;C:\WINDOWS;C:\WINDOWS\System32\Wbem;C:\WINDOWS\System32\WindowsPowerShell\v1.0\;C:\WINDOWS\System32\OpenSSH\;C:\Program Files\NVIDIA Corporation\NVIDIA NvDLISR;C:\Program Files (x86)\NVIDIA Corporation\PhysX\Common;C:\Program Files\dotnet\;C:\Program Files\Microsoft SQL Server\130\Tools\Binn\;C:\Program Files\Microsoft SQL Server\Client SDK\ODBC\170\Tools\Binn\;C:\Program Files\Git\cmd;C:\Program Files\swipl\bin;C:\Program Files\Docker\Docker\resources\bin;C:\ProgramData\DockerDesktop\version-bin;C:\Users\jotta\AppData\Local\Microsoft\WindowsApps;C:\Users\jotta\.dotnet\tools;C:\Program Files\MongoDB\Server\5.0\bin;C:\Users\jotta\AppData\Local\Programs\Microsoft VS Code\bin;C:\Program Files\MongoDB\Tools\100\bin;;C:\Program Files\JetBrains\IntelliJ IDEA Community Edition 2021.3.3\bin;;C:\Users\jotta\eclipse\jee-2022-03;;."/>
    <property name="java.vm.info" value="mixed mode"/>
    <property name="java.vendor" value="Eclipse Adoptium"/>
    <property name="java.vm.version" value="17.0.2+8"/>
    <property name="sun.io.unicode.encoding" value="UnicodeLittle"/>
    <property name="java.class.version" value="61.0"/>
  </properties>
  <testcase name="testGetRangeAxisForDataset" classname="org.jfree.chart.plot.XYPlotTest" time="0.005"/>
  <testcase name="testRangeMarkerIndices" classname="org.jfree.chart.plot.XYPlotTest" time="0.011"/>
  <testcase name="testDomainMarkerIndices" classname="org.jfree.chart.plot.XYPlotTest" time="0.011"/>
  <testcase name="testEquals_ObjectList" classname="org.jfree.chart.plot.XYPlotTest" time="0"/>
  <testcase name="testBug2817504" classname="org.jfree.chart.plot.XYPlotTest" time="0.001"/>
  <testcase name="testDrawRangeGridlines" classname="org.jfree.chart.plot.XYPlotTest" time="0.06"/>
  <testcase name="testAddRangeMarker" classname="org.jfree.chart.plot.XYPlotTest" time="0.004"/>
  <testcase name="testRemoveAnnotation" classname="org.jfree.chart.plot.XYPlotTest" time="0"/>
  <testcase name="testRendererIndices" classname="org.jfree.chart.plot.XYPlotTest" time="0"/>
  <testcase name="testRemoveRangeMarker" classname="org.jfree.chart.plot.XYPlotTest" time="0.001"/>
  <testcase name="testGetLegendItems" classname="org.jfree.chart.plot.XYPlotTest" time="0.001"/>
  <testcase name="testRemoveDomainMarker" classname="org.jfree.chart.plot.XYPlotTest" time="0"/>
  <testcase name="testGetRendererForDataset2" classname="org.jfree.chart.plot.XYPlotTest" time="0.001"/>
  <testcase name="testGetDatasetCount" classname="org.jfree.chart.plot.XYPlotTest" time="0"/>
  <testcase name="testCloning_QuadrantPaint" classname="org.jfree.chart.plot.XYPlotTest" time="0.001"/>
  <testcase name="testGetDomainAxisForDataset" classname="org.jfree.chart.plot.XYPlotTest" time="0.003"/>
  <testcase name="test1654215" classname="org.jfree.chart.plot.XYPlotTest" time="0.024"/>
  <testcase name="testAddDomainMarker" classname="org.jfree.chart.plot.XYPlotTest" time="0"/>
  <testcase name="testAxisIndices" classname="org.jfree.chart.plot.XYPlotTest" time="0"/>
  <testcase name="testCloneIndependence" classname="org.jfree.chart.plot.XYPlotTest" time="0.028"/>
  <testcase name="testCloning" classname="org.jfree.chart.plot.XYPlotTest" time="0.001"/>
  <testcase name="testGetDataRange" classname="org.jfree.chart.plot.XYPlotTest" time="0.005"/>
  <testcase name="testSetRenderer" classname="org.jfree.chart.plot.XYPlotTest" time="0.001"/>
  <testcase name="testCloning_QuadrantOrigin" classname="org.jfree.chart.plot.XYPlotTest" time="0"/>
  <testcase name="testGetRendererForDataset" classname="org.jfree.chart.plot.XYPlotTest" time="0"/>
  <testcase name="testGetDataRangeWithMultipleDatasets" classname="org.jfree.chart.plot.XYPlotTest" time="0"/>
  <testcase name="testDrawSeriesWithZeroItems" classname="org.jfree.chart.plot.XYPlotTest" time="0.001"/>
  <testcase name="testEquals_ObjectList2" classname="org.jfree.chart.plot.XYPlotTest" time="0.002"/>
  <testcase name="testEquals_ObjectList3" classname="org.jfree.chart.plot.XYPlotTest" time="0.001"/>
  <testcase name="testEquals_ObjectList4" classname="org.jfree.chart.plot.XYPlotTest" time="0.001"/>
  <testcase name="testEquals_ObjectList5" classname="org.jfree.chart.plot.XYPlotTest" time="0.011"/>
  <testcase name="testAxisLocationIndices" classname="org.jfree.chart.plot.XYPlotTest" time="0.003"/>
  <testcase name="testMapDatasetToRangeAxis" classname="org.jfree.chart.plot.XYPlotTest" time="0.001"/>
  <testcase name="testEquals" classname="org.jfree.chart.plot.XYPlotTest" time="0.01"/>
  <testcase name="testMapDatasetToDomainAxis" classname="org.jfree.chart.plot.XYPlotTest" time="0.001"/>
  <testcase name="testDatasetIndices" classname="org.jfree.chart.plot.XYPlotTest" time="0.004"/>
  <testcase name="testSerialization1" classname="org.jfree.chart.plot.XYPlotTest" time="0.007"/>
  <testcase name="testSerialization2" classname="org.jfree.chart.plot.XYPlotTest" time="0.041"/>
  <testcase name="testSerialization3" classname="org.jfree.chart.plot.XYPlotTest" time="0.03"/>
  <testcase name="testSerialization4" classname="org.jfree.chart.plot.XYPlotTest" time="0.032"/>
  <testcase name="testSerialization5" classname="org.jfree.chart.plot.XYPlotTest" time="0.011"/>
  <testcase name="testSetNullRenderer" classname="org.jfree.chart.plot.XYPlotTest" time="0"/>
  <testcase name="testCloning2" classname="org.jfree.chart.plot.XYPlotTest" time="0.001"/>
  <testcase name="testCloning3" classname="org.jfree.chart.plot.XYPlotTest" time="0.001"/>
  <testcase name="testCloning4" classname="org.jfree.chart.plot.XYPlotTest" time="0.001"/>
</testsuite>